INFO:__main__:RUN
INFO:utils:Bets won:
         Market Bet Scenario    Odd  flag
121  both_score  no           1.755  True
INFO:utils:Allocation won:
5    0.488479
dtype: float64
INFO:__main__:game_id: 2738735; scenario: 2 : 0; financial_return: 0.8572800038990888
INFO:__main__:solution:
[0.018, 0.167, 0.315, 0.0, 0.0, 0.488, 0.008, 0.0, 0.0, 0.0, 0.0, 0.0, 0.002, 0.002, 0.0, 0.0, 0.0, 0.0, 0.0, 0.0, 0.0, 0.0, 0.0, 0.0, 0.0]
INFO:__main__:----------------------------------------------------------------------------------------------------
INFO:__main__:----------------------------------------------------------------------------------------------------
INFO:utils:Bets won:
Empty DataFrame
Columns: [Market, Bet, Scenario, Odd, flag]
Index: []
INFO:utils:Allocation won:
Series([], dtype: float64)
INFO:__main__:game_id: 2738739; scenario: 2 : 1; financial_return: 0.0
INFO:__main__:solution:
[0.0, 0.245, 0.0, 0.0, 0.547, 0.0, 0.0, 0.0, 0.185, 0.018, 0.004, 0.0, 0.0, 0.0, 0.002, 0.0]
INFO:__main__:----------------------------------------------------------------------------------------------------
INFO:__main__:----------------------------------------------------------------------------------------------------
INFO:utils:Bets won:
         Market   Bet Scenario  Odd  flag
5    over/under  over      1.5  1.6  True
236  over/under  over      1.5  1.6  True
490  over/under  over      1.5  1.6  True
INFO:utils:Allocation won:
0     1.000000e+00
12    1.307561e-15
24    1.235252e-15
dtype: float64
INFO:__main__:game_id: 2738740; scenario: 2 : 0; financial_return: 1.5999999999998997
INFO:__main__:solution:
[1.0, 0.0, 0.0, 0.0, 0.0, 0.0, 0.0, 0.0, 0.0, 0.0, 0.0, 0.0, 0.0, 0.0, 0.0, 0.0, 0.0, 0.0, 0.0, 0.0, 0.0, 0.0, 0.0, 0.0, 0.0, 0.0, 0.0, 0.0, 0.0, 0.0, 0.0, 0.0]
INFO:__main__:----------------------------------------------------------------------------------------------------
INFO:__main__:----------------------------------------------------------------------------------------------------
INFO:utils:Bets won:
         Market   Bet Scenario   Odd  flag
39   over/under  over      2.5  2.61  True
364  over/under  over      2.5  2.61  True
689  over/under  over      2.5  2.60  True
INFO:utils:Allocation won:
1    0.192158
3    0.094651
5    0.044807
dtype: float64
INFO:__main__:game_id: 2740879; scenario: 3 : 1; financial_return: 0.8650689814035409
INFO:__main__:solution:
[0.182, 0.192, 0.484, 0.095, 0.002, 0.045]
INFO:__main__:----------------------------------------------------------------------------------------------------
INFO:__main__:----------------------------------------------------------------------------------------------------
INFO:utils:Bets won:
         Market   Bet Scenario    Odd  flag
29       spread  away    -1/+1  2.250  True
39   over/under  over      2.5  2.660  True
182  over/under  over      2.5  2.600  True
315  over/under  over      2.5  2.660  True
350  over/under  over      2.5  2.625  True
532         h2h  away           5.700  True
INFO:utils:Allocation won:
1     5.528912e-01
2     3.851531e-01
5     6.195575e-02
8     4.285892e-49
10    1.184517e-30
14    2.271719e-24
dtype: float64
INFO:__main__:game_id: 2740882; scenario: 1 : 2; financial_return: 2.4295972805006727
INFO:__main__:solution:
[0.0, 0.553, 0.385, 0.0, 0.0, 0.062, 0.0, 0.0, 0.0, 0.0, 0.0, 0.0, 0.0, 0.0, 0.0, 0.0, 0.0]
INFO:__main__:----------------------------------------------------------------------------------------------------
INFO:__main__:----------------------------------------------------------------------------------------------------
INFO:utils:Bets won:
         Market   Bet Scenario   Odd  flag
9    over/under  over      3.5  4.00  True
11   over/under  over      4.5  9.00  True
39   over/under  over      2.5  2.24  True
319  over/under  over      3.5  4.00  True
375  over/under  over      2.5  2.24  True
412  over/under  over      3.5  4.10  True
490  over/under  over      3.5  4.00  True
673  over/under  over      3.5  4.00  True
763  over/under  over      3.5  4.00  True
INFO:utils:Allocation won:
0     6.572107e-16
1     1.497012e-22
4     5.304049e-01
11    1.497012e-22
14    1.580579e-02
15    1.497012e-22
19    1.497012e-22
22    1.497012e-22
24    1.891461e-15
dtype: float64
INFO:__main__:game_id: 2740887; scenario: 4 : 1; financial_return: 1.2235120443473666
INFO:__main__:solution:
[0.0, 0.0, 0.002, 0.0, 0.53, 0.0, 0.0, 0.0, 0.0, 0.0, 0.0, 0.0, 0.0, 0.0, 0.016, 0.0, 0.429, 0.0, 0.0, 0.0, 0.011, 0.0, 0.0, 0.0, 0.0, 0.012]
INFO:__main__:----------------------------------------------------------------------------------------------------
INFO:__main__:----------------------------------------------------------------------------------------------------
INFO:utils:Bets won:
         Market   Bet Scenario     Odd  flag
9    over/under  over      3.5   5.500  True
11   over/under  over      4.5  13.000  True
27       spread  home    +3/-3   1.030  True
42   over/under  over      2.5   2.800  True
182  over/under  over      2.5   2.736  True
312  over/under  over      3.5   5.400  True
365  over/under  over      2.5   2.800  True
400  over/under  over      3.5   6.000  True
402  over/under  over      4.5  13.000  True
478  over/under  over      3.5   5.400  True
730  over/under  over      3.5   5.400  True
INFO:utils:Allocation won:
1     1.787008e-29
2     3.517884e-29
3     9.506639e-01
4     3.613929e-02
6     1.500266e-16
7     3.517884e-29
8     6.386116e-15
9     3.517884e-29
10    1.805046e-15
15    3.517884e-29
16    2.754715e-18
dtype: float64
INFO:__main__:game_id: 2740886; scenario: 3 : 2; financial_return: 1.080373801062504
INFO:__main__:solution:
[0.009, 0.0, 0.0, 0.951, 0.036, 0.005, 0.0, 0.0, 0.0, 0.0, 0.0, 0.0, 0.0, 0.0, 0.0, 0.0, 0.0]
INFO:__main__:----------------------------------------------------------------------------------------------------
INFO:__main__:----------------------------------------------------------------------------------------------------
INFO:utils:Bets won:
         Market   Bet Scenario    Odd  flag
39   over/under  over      2.5   2.48  True
322  over/under  over      3.5   4.70  True
326      spread  home    -3/+3  28.00  True
378  over/under  over      2.5   2.51  True
418      spread  home    -2/+2   9.50  True
492  over/under  over      3.5   4.70  True
496      spread  home    -3/+3  28.00  True
763  over/under  over      3.5   4.70  True
767      spread  home    -3/+3  28.00  True
INFO:utils:Allocation won:
0     6.958342e-01
1     8.062997e-21
2     1.448915e-32
3     1.627485e-14
4     1.448915e-32
6     1.448915e-32
7     8.062997e-21
10    2.563132e-02
11    8.732735e-03
dtype: float64
INFO:__main__:game_id: 2740885; scenario: 4 : 0; financial_return: 2.0906525383296244
INFO:__main__:solution:
[0.696, 0.0, 0.0, 0.0, 0.0, 0.0, 0.0, 0.0, 0.27, 0.0, 0.026, 0.009]
INFO:__main__:----------------------------------------------------------------------------------------------------
INFO:__main__:----------------------------------------------------------------------------------------------------
INFO:utils:Bets won:
         Market Bet Scenario    Odd  flag
115  both_score  no           1.845  True
INFO:utils:Allocation won:
0    0.72233
dtype: float64
INFO:__main__:game_id: 2740906; scenario: 0 : 1; financial_return: 1.3326993958851259
INFO:__main__:solution:
[0.722, 0.0, 0.271, 0.0, 0.0, 0.006, 0.0]
INFO:__main__:----------------------------------------------------------------------------------------------------
INFO:__main__:----------------------------------------------------------------------------------------------------
INFO:utils:Bets won:
         Market   Bet Scenario  Odd  flag
402  over/under  over      3.5  3.5  True
408      spread  home    -2/+2  4.5  True
INFO:utils:Allocation won:
20    0.129461
22    0.211270
dtype: float64
INFO:__main__:game_id: 2740905; scenario: 4 : 0; financial_return: 1.4038313862552916
INFO:__main__:solution:
[0.0, 0.0, 0.0, 0.0, 0.0, 0.0, 0.655, 0.0, 0.0, 0.0, 0.0, 0.0, 0.004, 0.0, 0.0, 0.0, 0.0, 0.0, 0.0, 0.0, 0.129, 0.0, 0.211, 0.0, 0.0, 0.0, 0.0, 0.0, 0.0, 0.0, 0.0, 0.0, 0.0, 0.0, 0.0]
INFO:__main__:----------------------------------------------------------------------------------------------------
INFO:__main__:----------------------------------------------------------------------------------------------------
INFO:utils:Bets won:
         Market   Bet Scenario    Odd  flag
27       spread  home    +1/-1  2.620  True
30   both_score   yes           2.500  True
117  both_score   yes           2.500  True
262  both_score   yes           2.448  True
293  both_score   yes           2.450  True
474  both_score   yes           2.450  True
563  both_score   yes           2.450  True
619  both_score   yes           2.450  True
650  both_score   yes           2.450  True
741  both_score   yes           2.450  True
INFO:utils:Allocation won:
5     4.400401e-01
6     7.628922e-02
15    1.528527e-14
23    2.297899e-14
25    1.058058e-15
44    3.873458e-02
51    7.250945e-04
54    2.081536e-11
56    1.428694e-03
64    1.270844e-14
dtype: float64
INFO:__main__:game_id: 2743108; scenario: 1 : 1; financial_return: 1.4438046234500708
INFO:__main__:solution:
[0.0, 0.234, 0.0, 0.0, 0.0, 0.44, 0.076, 0.098, 0.0, 0.0, 0.0, 0.0, 0.0, 0.0, 0.0, 0.0, 0.0, 0.0, 0.001, 0.0, 0.0, 0.0, 0.0, 0.0, 0.0, 0.0, 0.0, 0.0, 0.0, 0.107, 0.0, 0.0, 0.0, 0.0, 0.0, 0.0, 0.0, 0.0, 0.0, 0.0, 0.0, 0.0, 0.0, 0.0, 0.039, 0.0, 0.0, 0.0, 0.0, 0.0, 0.0, 0.001, 0.0, 0.0, 0.0, 0.0, 0.001, 0.0, 0.0, 0.0, 0.0, 0.0, 0.0, 0.0, 0.0, 0.0, 0.0, 0.0, 0.002, 0.0]
INFO:__main__:----------------------------------------------------------------------------------------------------
INFO:__main__:----------------------------------------------------------------------------------------------------
INFO:utils:Bets won:
Empty DataFrame
Columns: [Market, Bet, Scenario, Odd, flag]
Index: []
INFO:utils:Allocation won:
Series([], dtype: float64)
INFO:__main__:game_id: 2743106; scenario: 2 : 1; financial_return: 0.0
INFO:__main__:solution:
[0.012, 0.557, 0.424, 0.0, 0.007]
INFO:__main__:----------------------------------------------------------------------------------------------------
INFO:__main__:----------------------------------------------------------------------------------------------------
INFO:utils:Bets won:
         Market   Bet Scenario   Odd  flag
117  both_score   yes           2.20  True
181  over/under  over      1.5  1.53  True
374  over/under  over      1.5  1.56  True
669  over/under  over      1.5  1.51  True
INFO:utils:Allocation won:
10    4.200057e-02
12    7.795381e-01
24    3.734341e-21
40    4.271955e-14
dtype: float64
INFO:__main__:game_id: 2743111; scenario: 1 : 1; financial_return: 1.2850946139324217
INFO:__main__:solution:
[0.0, 0.0, 0.0, 0.0, 0.0, 0.0, 0.0, 0.0, 0.0, 0.0, 0.042, 0.0, 0.78, 0.0, 0.0, 0.001, 0.0, 0.0, 0.001, 0.076, 0.0, 0.0, 0.0, 0.01, 0.0, 0.0, 0.0, 0.0, 0.0, 0.0, 0.002, 0.0, 0.0, 0.0, 0.0, 0.0, 0.0, 0.0, 0.001, 0.084, 0.0, 0.0, 0.0, 0.0, 0.0, 0.0, 0.0, 0.0, 0.0, 0.005]
INFO:__main__:----------------------------------------------------------------------------------------------------
INFO:__main__:----------------------------------------------------------------------------------------------------
INFO:utils:Bets won:
Empty DataFrame
Columns: [Market, Bet, Scenario, Odd, flag]
Index: []
INFO:utils:Allocation won:
Series([], dtype: float64)
INFO:__main__:game_id: 2743110; scenario: 1 : 0; financial_return: 0.0
INFO:__main__:solution:
[0.308, 0.0, 0.0, 0.0, 0.0, 0.0, 0.0, 0.0, 0.099, 0.501, 0.018, 0.0, 0.0, 0.059, 0.0, 0.0, 0.0, 0.0, 0.0, 0.0, 0.014]
INFO:__main__:----------------------------------------------------------------------------------------------------
INFO:__main__:----------------------------------------------------------------------------------------------------
INFO:utils:Bets won:
         Market   Bet Scenario    Odd  flag
0           h2h  home           3.600  True
42   over/under  over      2.5  2.390  True
186  over/under  over      2.5  2.336  True
375  over/under  over      2.5  2.375  True
412  over/under  over      2.5  2.375  True
659         h2h  home           3.570  True
INFO:utils:Allocation won:
0     1.384325e-01
3     4.411376e-02
5     2.150885e-02
9     1.362159e-26
10    1.362159e-26
17    2.366170e-01
dtype: float64
INFO:__main__:game_id: 2744172; scenario: 2 : 1; financial_return: 1.4987559883124324
INFO:__main__:solution:
[0.138, 0.0, 0.0, 0.044, 0.0, 0.022, 0.481, 0.0, 0.0, 0.0, 0.0, 0.0, 0.0, 0.0, 0.0, 0.0, 0.0, 0.237, 0.054, 0.0, 0.01, 0.015, 0.0]
INFO:__main__:----------------------------------------------------------------------------------------------------
INFO:__main__:----------------------------------------------------------------------------------------------------
INFO:utils:Bets won:
         Market   Bet Scenario   Odd  flag
308         h2h  away           2.65  True
313  over/under  over      2.5  2.16  True
323         h2h  away           2.50  True
493         h2h  away           2.50  True
773         h2h  away           2.50  True
INFO:utils:Allocation won:
5     1.045866e-01
6     3.202481e-01
9     3.354650e-26
14    3.626869e-03
18    4.505639e-03
dtype: float64
INFO:__main__:game_id: 2744173; scenario: 1 : 2; financial_return: 0.9892217167310273
INFO:__main__:solution:
[0.097, 0.0, 0.0, 0.0, 0.411, 0.105, 0.32, 0.047, 0.0, 0.0, 0.0, 0.008, 0.0, 0.0, 0.004, 0.0, 0.0, 0.004, 0.005, 0.0]
INFO:__main__:----------------------------------------------------------------------------------------------------
INFO:__main__:----------------------------------------------------------------------------------------------------
INFO:utils:Bets won:
         Market   Bet Scenario    Odd  flag
7    over/under  over      2.5   2.75  True
9    over/under  over      3.5   5.75  True
11   over/under  over      4.5  13.00  True
317  over/under  over      2.5   2.75  True
319  over/under  over      3.5   5.70  True
411  over/under  over      3.5   6.00  True
413  over/under  over      4.5  13.00  True
489  over/under  over      3.5   5.45  True
666  over/under  over      2.5   2.73  True
668  over/under  over      3.5   5.40  True
752  over/under  over      3.5   5.45  True
INFO:utils:Allocation won:
0     4.376231e-01
1     1.175647e-28
2     1.175647e-28
4     3.981814e-02
5     1.175647e-28
7     1.175647e-28
8     9.252235e-15
9     2.910073e-14
11    1.734148e-02
12    3.736167e-18
13    6.077748e-04
dtype: float64
INFO:__main__:game_id: 2744178; scenario: 3 : 2; financial_return: 1.3636181472576834
INFO:__main__:solution:
[0.438, 0.0, 0.0, 0.505, 0.04, 0.0, 0.0, 0.0, 0.0, 0.0, 0.0, 0.017, 0.0, 0.001, 0.0]
INFO:__main__:----------------------------------------------------------------------------------------------------
INFO:__main__:----------------------------------------------------------------------------------------------------
INFO:utils:Bets won:
Empty DataFrame
Columns: [Market, Bet, Scenario, Odd, flag]
Index: []
INFO:utils:Allocation won:
Series([], dtype: float64)
INFO:__main__:game_id: 2746105; scenario: 1 : 0; financial_return: 0.0
INFO:__main__:solution:
[0.048, 0.405, 0.0, 0.0, 0.0, 0.453, 0.0, 0.0, 0.065, 0.0, 0.03, 0.0]
INFO:__main__:----------------------------------------------------------------------------------------------------
INFO:__main__:----------------------------------------------------------------------------------------------------
INFO:utils:Bets won:
         Market   Bet Scenario    Odd  flag
37   over/under  over      1.5  1.560  True
134      spread  away    -1/+1  1.600  True
178  over/under  over      1.5  1.525  True
INFO:utils:Allocation won:
4    4.244599e-01
8    5.242934e-01
9    5.798906e-21
dtype: float64
INFO:__main__:game_id: 2746106; scenario: 1 : 1; financial_return: 1.5010269556008358
INFO:__main__:solution:
[0.0, 0.0, 0.0, 0.0, 0.424, 0.0, 0.0, 0.0, 0.524, 0.0, 0.04, 0.0, 0.0, 0.0, 0.0, 0.0, 0.009, 0.001, 0.0, 0.0, 0.0, 0.0, 0.0, 0.0, 0.0, 0.0, 0.0, 0.0, 0.0, 0.0, 0.0, 0.0, 0.0, 0.0]
INFO:__main__:----------------------------------------------------------------------------------------------------
INFO:__main__:----------------------------------------------------------------------------------------------------
INFO:utils:Bets won:
         Market   Bet Scenario    Odd  flag
410  over/under  over      2.5  2.375  True
INFO:utils:Allocation won:
2    0.420858
dtype: float64
INFO:__main__:game_id: 2748123; scenario: 1 : 2; financial_return: 0.9995372494953343
INFO:__main__:solution:
[0.016, 0.563, 0.421, 0.0, 0.0, 0.0, 0.0, 0.0]
INFO:__main__:----------------------------------------------------------------------------------------------------
INFO:__main__:----------------------------------------------------------------------------------------------------
INFO:utils:Bets won:
         Market   Bet Scenario   Odd  flag
91   over/under  over      1.5  1.57  True
426  over/under  over      1.5  1.59  True
INFO:utils:Allocation won:
3    1.000000e+00
4    8.459016e-13
dtype: float64
INFO:__main__:game_id: 2748127; scenario: 1 : 1; financial_return: 1.5699999999644036
INFO:__main__:solution:
[0.0, 0.0, 0.0, 1.0, 0.0, 0.0, 0.0, 0.0, 0.0, 0.0, 0.0, 0.0]
INFO:__main__:----------------------------------------------------------------------------------------------------
INFO:__main__:----------------------------------------------------------------------------------------------------
INFO:utils:Bets won:
         Market Bet Scenario       Odd  flag
118  both_score  no           1.875000  True
482  both_score  no           1.869565  True
INFO:utils:Allocation won:
0    0.485568
2    0.221030
dtype: float64
INFO:__main__:game_id: 2748130; scenario: 1 : 0; financial_return: 1.3236712157209631
INFO:__main__:solution:
[0.486, 0.285, 0.221, 0.008]
INFO:__main__:----------------------------------------------------------------------------------------------------
INFO:__main__:----------------------------------------------------------------------------------------------------
INFO:utils:Bets won:
         Market   Bet Scenario   Odd  flag
369  over/under  over      2.5  2.26  True
INFO:utils:Allocation won:
15    0.524238
dtype: float64
INFO:__main__:game_id: 2748128; scenario: 2 : 1; financial_return: 1.184776934941202
INFO:__main__:solution:
[0.058, 0.0, 0.11, 0.0, 0.0, 0.0, 0.0, 0.0, 0.0, 0.0, 0.0, 0.0, 0.015, 0.0, 0.0, 0.524, 0.0, 0.0, 0.0, 0.073, 0.0, 0.0, 0.0, 0.0, 0.197, 0.0, 0.024, 0.0, 0.0, 0.0, 0.0, 0.0]
INFO:__main__:----------------------------------------------------------------------------------------------------
INFO:__main__:----------------------------------------------------------------------------------------------------
INFO:utils:Bets won:
         Market    Bet Scenario  Odd  flag
36   over/under  under      0.5  9.0  True
585  both_score     no           1.8  True
INFO:utils:Allocation won:
1     0.021990
21    0.568491
dtype: float64
INFO:__main__:game_id: 2748131; scenario: 0 : 0; financial_return: 1.2211927387747017
INFO:__main__:solution:
[0.0, 0.022, 0.029, 0.0, 0.0, 0.371, 0.0, 0.0, 0.0, 0.0, 0.0, 0.0, 0.0, 0.0, 0.0, 0.0, 0.0, 0.0, 0.0, 0.0, 0.0, 0.568, 0.0, 0.0, 0.0, 0.001, 0.006, 0.002, 0.0, 0.0, 0.0, 0.0, 0.0]
INFO:__main__:----------------------------------------------------------------------------------------------------
INFO:__main__:----------------------------------------------------------------------------------------------------
INFO:utils:Bets won:
    Market   Bet Scenario   Odd  flag
33     h2h  draw           3.65  True
674    h2h  draw           3.60  True
INFO:utils:Allocation won:
0    1.741506e-01
8    3.624600e-27
dtype: float64
INFO:__main__:game_id: 2748129; scenario: 1 : 1; financial_return: 0.6356495662254249
INFO:__main__:solution:
[0.174, 0.0, 0.451, 0.0, 0.0, 0.371, 0.0, 0.001, 0.0, 0.002]
INFO:__main__:----------------------------------------------------------------------------------------------------
INFO:__main__:----------------------------------------------------------------------------------------------------
INFO:utils:Bets won:
Empty DataFrame
Columns: [Market, Bet, Scenario, Odd, flag]
Index: []
INFO:utils:Allocation won:
Series([], dtype: float64)
INFO:__main__:game_id: 2748149; scenario: 1 : 0; financial_return: 0.0
INFO:__main__:solution:
[0.004, 0.0, 0.635, 0.0, 0.0, 0.0, 0.177, 0.184, 0.0, 0.0, 0.0, 0.0]
INFO:__main__:----------------------------------------------------------------------------------------------------
INFO:__main__:----------------------------------------------------------------------------------------------------
INFO:utils:Bets won:
         Market   Bet Scenario     Odd  flag
11   over/under  over      4.5  10.000  True
43   over/under  over      4.5   9.500  True
45   over/under  over      5.5  23.000  True
99   over/under  over      2.5   2.375  True
375  over/under  over      3.5   4.400  True
428  over/under  over      2.5   2.375  True
467  over/under  over      4.5   9.500  True
469  over/under  over      5.5  23.000  True
523  over/under  over      2.5   2.375  True
525  over/under  over      3.5   4.500  True
527  over/under  over      4.5  10.000  True
603  over/under  over      3.5   4.400  True
840  over/under  over      5.5  26.000  True
923  over/under  over      3.5   4.400  True
INFO:utils:Allocation won:
0     1.441892e-34
2     5.471120e-04
3     1.736817e-28
4     5.109900e-01
9     1.736817e-28
10    1.736817e-28
12    1.736817e-28
13    1.736817e-28
14    5.471839e-02
15    1.736817e-28
16    1.736817e-28
18    1.736817e-28
19    1.736817e-28
20    1.736817e-28
dtype: float64
INFO:__main__:game_id: 2748148; scenario: 4 : 5; financial_return: 1.3487549376553607
INFO:__main__:solution:
[0.0, 0.278, 0.001, 0.0, 0.511, 0.0, 0.0, 0.0, 0.0, 0.0, 0.0, 0.155, 0.0, 0.0, 0.055, 0.0, 0.0, 0.0, 0.0, 0.0, 0.0]
INFO:__main__:----------------------------------------------------------------------------------------------------
INFO:__main__:----------------------------------------------------------------------------------------------------
INFO:utils:Bets won:
         Market   Bet Scenario       Odd  flag
118  both_score    no           1.870000  True
368         h2h  away           4.200000  True
399  both_score    no           1.860000  True
405         h2h  away           4.333334  True
INFO:utils:Allocation won:
0    0.204821
1    0.038338
2    0.099640
4    0.187538
dtype: float64
INFO:__main__:game_id: 2762896; scenario: 0 : 1; financial_return: 1.5420336666055263
INFO:__main__:solution:
[0.205, 0.038, 0.1, 0.446, 0.188, 0.024]
INFO:__main__:----------------------------------------------------------------------------------------------------
INFO:__main__:----------------------------------------------------------------------------------------------------
INFO:utils:Bets won:
Empty DataFrame
Columns: [Market, Bet, Scenario, Odd, flag]
Index: []
INFO:utils:Allocation won:
Series([], dtype: float64)
INFO:__main__:game_id: 2762915; scenario: 2 : 1; financial_return: 0.0
INFO:__main__:solution:
[0.922, 0.078]
INFO:__main__:----------------------------------------------------------------------------------------------------
INFO:__main__:----------------------------------------------------------------------------------------------------
INFO:utils:Bets won:
Empty DataFrame
Columns: [Market, Bet, Scenario, Odd, flag]
Index: []
INFO:utils:Allocation won:
Series([], dtype: float64)
INFO:__main__:game_id: 2762918; scenario: 2 : 1; financial_return: 0.0
INFO:__main__:solution:
[0.0, 0.586, 0.0, 0.0, 0.0, 0.0, 0.0, 0.0, 0.0, 0.0, 0.0, 0.281, 0.109, 0.0, 0.001, 0.001, 0.022, 0.0, 0.001, 0.0]
INFO:__main__:----------------------------------------------------------------------------------------------------
INFO:__main__:----------------------------------------------------------------------------------------------------
INFO:utils:Bets won:
Empty DataFrame
Columns: [Market, Bet, Scenario, Odd, flag]
Index: []
INFO:utils:Allocation won:
Series([], dtype: float64)
INFO:__main__:game_id: 2762921; scenario: 0 : 2; financial_return: 0.0
INFO:__main__:solution:
[0.291, 0.0, 0.003, 0.0, 0.0, 0.398, 0.0, 0.0, 0.039, 0.0, 0.0, 0.13, 0.13, 0.008, 0.0, 0.0, 0.0, 0.0, 0.0, 0.0, 0.0]
INFO:__main__:----------------------------------------------------------------------------------------------------
INFO:__main__:----------------------------------------------------------------------------------------------------
INFO:utils:Bets won:
         Market   Bet Scenario  Odd  flag
9    over/under  over      3.5  5.5  True
231  over/under  over      3.5  6.0  True
INFO:utils:Allocation won:
0    7.845801e-01
1    1.441642e-30
dtype: float64
INFO:__main__:game_id: 2762920; scenario: 3 : 1; financial_return: 4.315190287278782
INFO:__main__:solution:
[0.785, 0.0, 0.0, 0.215, 0.0]
INFO:__main__:----------------------------------------------------------------------------------------------------
INFO:__main__:----------------------------------------------------------------------------------------------------
INFO:utils:Bets won:
         Market Bet Scenario    Odd  flag
148  both_score  no           1.975  True
INFO:utils:Allocation won:
9    0.401907
dtype: float64
INFO:__main__:game_id: 2762922; scenario: 3 : 0; financial_return: 0.7937659501134655
INFO:__main__:solution:
[0.0, 0.007, 0.0, 0.0, 0.356, 0.0, 0.0, 0.0, 0.0, 0.402, 0.04, 0.05, 0.008, 0.0, 0.003, 0.002, 0.0, 0.132, 0.0, 0.0, 0.0, 0.0, 0.0, 0.0]
INFO:__main__:----------------------------------------------------------------------------------------------------
INFO:__main__:----------------------------------------------------------------------------------------------------
INFO:utils:Bets won:
         Market Bet Scenario    Odd  flag
115  both_score  no           1.805  True
470  both_score  no           1.800  True
INFO:utils:Allocation won:
4    5.424027e-01
8    2.187851e-27
dtype: float64
INFO:__main__:game_id: 2762933; scenario: 1 : 0; financial_return: 0.979036884645006
INFO:__main__:solution:
[0.233, 0.098, 0.0, 0.0, 0.542, 0.0, 0.0, 0.002, 0.0, 0.124, 0.0]
INFO:__main__:----------------------------------------------------------------------------------------------------
INFO:__main__:----------------------------------------------------------------------------------------------------
INFO:utils:Bets won:
         Market   Bet Scenario     Odd  flag
9    over/under  over      3.5   5.000  True
11   over/under  over      4.5  13.000  True
314  over/under  over      3.5   5.050  True
318      spread  home    -2/+2  22.000  True
402  over/under  over      2.5   2.625  True
404  over/under  over      3.5   5.500  True
482  over/under  over      3.5   5.050  True
486      spread  home    -2/+2  22.000  True
625  over/under  over      2.5   2.610  True
627  over/under  over      3.5   5.050  True
709  over/under  over      3.5   5.050  True
713      spread  home    -2/+2  22.000  True
INFO:utils:Allocation won:
0     4.559329e-10
1     2.910428e-37
2     2.910428e-37
3     2.131283e-10
4     1.000000e+00
5     3.221907e-11
7     3.342463e-11
8     3.024829e-11
9     4.227834e-11
10    1.409621e-10
12    3.560776e-11
13    3.310252e-11
dtype: float64
INFO:__main__:game_id: 2769657; scenario: 4 : 1; financial_return: 2.625000006927512
INFO:__main__:solution:
[0.0, 0.0, 0.0, 0.0, 1.0, 0.0, 0.0, 0.0, 0.0, 0.0, 0.0, 0.0, 0.0, 0.0]
INFO:__main__:----------------------------------------------------------------------------------------------------
INFO:__main__:----------------------------------------------------------------------------------------------------
INFO:utils:Bets won:
Empty DataFrame
Columns: [Market, Bet, Scenario, Odd, flag]
Index: []
INFO:utils:Allocation won:
Series([], dtype: float64)
INFO:__main__:game_id: 2769659; scenario: 2 : 1; financial_return: 0.0
INFO:__main__:solution:
[0.0, 0.632, 0.058, 0.305, 0.0, 0.006]
INFO:__main__:----------------------------------------------------------------------------------------------------
INFO:__main__:----------------------------------------------------------------------------------------------------
INFO:utils:Bets won:
         Market   Bet Scenario   Odd  flag
41   over/under  over      3.5  4.50  True
147  both_score    no           1.77  True
397  over/under  over      2.5  2.39  True
435  over/under  over      3.5  4.50  True
467  over/under  over      3.5  4.50  True
699  over/under  over      3.5  4.50  True
INFO:utils:Allocation won:
1     1.933647e-02
4     4.515386e-01
5     3.027368e-01
6     1.887989e-26
9     1.887989e-26
10    1.887989e-26
dtype: float64
INFO:__main__:game_id: 2769660; scenario: 4 : 0; financial_return: 1.6097783903620466
INFO:__main__:solution:
[0.222, 0.019, 0.0, 0.0, 0.452, 0.303, 0.0, 0.0, 0.0, 0.0, 0.0, 0.0, 0.0, 0.004]
INFO:__main__:----------------------------------------------------------------------------------------------------
INFO:__main__:----------------------------------------------------------------------------------------------------
INFO:utils:Bets won:
    Market   Bet Scenario  Odd  flag
29  spread  away    -1/+1  1.7  True
INFO:utils:Allocation won:
0    0.62591
dtype: float64
INFO:__main__:game_id: 2769671; scenario: 0 : 2; financial_return: 1.0640464847025397
INFO:__main__:solution:
[0.626, 0.0, 0.0, 0.162, 0.0, 0.0, 0.0, 0.169, 0.042]
INFO:__main__:----------------------------------------------------------------------------------------------------
INFO:__main__:----------------------------------------------------------------------------------------------------
INFO:utils:Bets won:
         Market Bet Scenario       Odd  flag
118  both_score  no           1.870000  True
470  both_score  no           1.869565  True
INFO:utils:Allocation won:
0    0.847520
1    0.090581
dtype: float64
INFO:__main__:game_id: 2769670; scenario: 1 : 0; financial_return: 1.7542084583376214
INFO:__main__:solution:
[0.848, 0.091, 0.062]
INFO:__main__:----------------------------------------------------------------------------------------------------
INFO:__main__:----------------------------------------------------------------------------------------------------
INFO:utils:Bets won:
         Market   Bet Scenario    Odd  flag
405  over/under  over      2.5  2.875  True
473         h2h  home           3.150  True
625  over/under  over      2.5  2.700  True
INFO:utils:Allocation won:
8     3.231914e-01
15    4.511167e-01
18    1.402899e-18
dtype: float64
INFO:__main__:game_id: 2769689; scenario: 2 : 1; financial_return: 2.3501928736166087
INFO:__main__:solution:
[0.0, 0.0, 0.0, 0.0, 0.0, 0.0, 0.0, 0.0, 0.323, 0.0, 0.0, 0.0, 0.203, 0.0, 0.007, 0.451, 0.0, 0.0, 0.0, 0.0, 0.0, 0.015, 0.0, 0.0]
INFO:__main__:----------------------------------------------------------------------------------------------------
INFO:__main__:----------------------------------------------------------------------------------------------------
INFO:utils:Bets won:
     Market   Bet Scenario    Odd  flag
184  spread  away    -4/+4  1.533  True
187  spread  away    -3/+3  1.800  True
190  spread  away    -2/+2  1.727  True
194  spread  home    +2/-2  1.063  True
199  spread  away    -1/+1  2.375  True
INFO:utils:Allocation won:
4    9.311153e-01
5    3.160844e-10
6    4.675189e-05
7    6.057832e-04
8    5.016423e-05
dtype: float64
INFO:__main__:game_id: 2769690; scenario: 1 : 1; financial_return: 1.4282435913075666
INFO:__main__:solution:
[0.0, 0.0, 0.0, 0.0, 0.931, 0.0, 0.0, 0.001, 0.0, 0.068, 0.0, 0.0, 0.0, 0.0, 0.0, 0.0, 0.0, 0.0, 0.0, 0.0, 0.0]
INFO:__main__:----------------------------------------------------------------------------------------------------
INFO:__main__:----------------------------------------------------------------------------------------------------
INFO:__main__:END
